[1.610s] Invoking command in '/home/louq0001/robotics/ros2-topological-mapping-navigation/ros2_ws/src/topological_nav': DEBUGINFOD_URLS=https://debuginfod.ubuntu.com PYTHONPATH=/home/louq0001/robotics/ros2-topological-mapping-navigation/ros2_ws/build/topological_nav/prefix_override:/usr/lib/python3/dist-packages/colcon_core/task/python/colcon_distutils_commands:/home/louq0001/robotics/ros2-topological-mapping-navigation/ros2_ws/install/topological_nav/lib/python3.12/site-packages:${PYTHONPATH} /usr/bin/python3 -W ignore:setup.py install is deprecated -W ignore:easy_install command is deprecated setup.py egg_info --egg-base ../../build/topological_nav build --build-base /home/louq0001/robotics/ros2-topological-mapping-navigation/ros2_ws/build/topological_nav/build install --record /home/louq0001/robotics/ros2-topological-mapping-navigation/ros2_ws/build/topological_nav/install.log --single-version-externally-managed install_data
[2.079s] running egg_info
[2.117s] writing ../../build/topological_nav/topological_nav.egg-info/PKG-INFO
[2.117s] writing dependency_links to ../../build/topological_nav/topological_nav.egg-info/dependency_links.txt
[2.117s] writing entry points to ../../build/topological_nav/topological_nav.egg-info/entry_points.txt
[2.117s] writing requirements to ../../build/topological_nav/topological_nav.egg-info/requires.txt
[2.118s] writing top-level names to ../../build/topological_nav/topological_nav.egg-info/top_level.txt
[2.199s] reading manifest file '../../build/topological_nav/topological_nav.egg-info/SOURCES.txt'
[2.200s] writing manifest file '../../build/topological_nav/topological_nav.egg-info/SOURCES.txt'
[2.200s] running build
[2.200s] running build_py
[2.201s] running install
[2.211s] running install_lib
[2.251s] running install_data
[2.251s] running install_egg_info
[2.293s] removing '/home/louq0001/robotics/ros2-topological-mapping-navigation/ros2_ws/install/topological_nav/lib/python3.12/site-packages/topological_nav-0.0.0-py3.12.egg-info' (and everything under it)
[2.293s] Copying ../../build/topological_nav/topological_nav.egg-info to /home/louq0001/robotics/ros2-topological-mapping-navigation/ros2_ws/install/topological_nav/lib/python3.12/site-packages/topological_nav-0.0.0-py3.12.egg-info
[2.294s] running install_scripts
[2.558s] Installing gesture_node script to /home/louq0001/robotics/ros2-topological-mapping-navigation/ros2_ws/install/topological_nav/lib/topological_nav
[2.558s] Installing person_follow_node script to /home/louq0001/robotics/ros2-topological-mapping-navigation/ros2_ws/install/topological_nav/lib/topological_nav
[2.559s] Installing qr_node script to /home/louq0001/robotics/ros2-topological-mapping-navigation/ros2_ws/install/topological_nav/lib/topological_nav
[2.559s] Installing reactive_controller script to /home/louq0001/robotics/ros2-topological-mapping-navigation/ros2_ws/install/topological_nav/lib/topological_nav
[2.559s] Installing tour_manager script to /home/louq0001/robotics/ros2-topological-mapping-navigation/ros2_ws/install/topological_nav/lib/topological_nav
[2.559s] Installing tts_node script to /home/louq0001/robotics/ros2-topological-mapping-navigation/ros2_ws/install/topological_nav/lib/topological_nav
[2.559s] writing list of installed files to '/home/louq0001/robotics/ros2-topological-mapping-navigation/ros2_ws/build/topological_nav/install.log'
[2.607s] Invoked command in '/home/louq0001/robotics/ros2-topological-mapping-navigation/ros2_ws/src/topological_nav' returned '0': DEBUGINFOD_URLS=https://debuginfod.ubuntu.com PYTHONPATH=/home/louq0001/robotics/ros2-topological-mapping-navigation/ros2_ws/build/topological_nav/prefix_override:/usr/lib/python3/dist-packages/colcon_core/task/python/colcon_distutils_commands:/home/louq0001/robotics/ros2-topological-mapping-navigation/ros2_ws/install/topological_nav/lib/python3.12/site-packages:${PYTHONPATH} /usr/bin/python3 -W ignore:setup.py install is deprecated -W ignore:easy_install command is deprecated setup.py egg_info --egg-base ../../build/topological_nav build --build-base /home/louq0001/robotics/ros2-topological-mapping-navigation/ros2_ws/build/topological_nav/build install --record /home/louq0001/robotics/ros2-topological-mapping-navigation/ros2_ws/build/topological_nav/install.log --single-version-externally-managed install_data
