[0.670s] Invoking command in '/home/louq0001/robotics/ros2-topological-mapping-navigation/ros2_ws/build/topological_nav': DEBUGINFOD_URLS=https://debuginfod.ubuntu.com PYTHONPATH=/home/louq0001/robotics/ros2-topological-mapping-navigation/ros2_ws/build/topological_nav/prefix_override:/usr/lib/python3/dist-packages/colcon_core/task/python/colcon_distutils_commands:/home/louq0001/robotics/ros2-topological-mapping-navigation/ros2_ws/install/topological_nav/lib/python3.12/site-packages:${PYTHONPATH} /usr/bin/python3 -W ignore:setup.py install is deprecated -W ignore:easy_install command is deprecated setup.py develop --uninstall --editable --build-directory /home/louq0001/robotics/ros2-topological-mapping-navigation/ros2_ws/build/topological_nav/build
[0.924s] running develop
[1.091s] Removing /home/louq0001/robotics/ros2-topological-mapping-navigation/ros2_ws/install/topological_nav/lib/python3.12/site-packages/topological-nav.egg-link (link to .)
[1.112s] Invoked command in '/home/louq0001/robotics/ros2-topological-mapping-navigation/ros2_ws/build/topological_nav' returned '0': DEBUGINFOD_URLS=https://debuginfod.ubuntu.com PYTHONPATH=/home/louq0001/robotics/ros2-topological-mapping-navigation/ros2_ws/build/topological_nav/prefix_override:/usr/lib/python3/dist-packages/colcon_core/task/python/colcon_distutils_commands:/home/louq0001/robotics/ros2-topological-mapping-navigation/ros2_ws/install/topological_nav/lib/python3.12/site-packages:${PYTHONPATH} /usr/bin/python3 -W ignore:setup.py install is deprecated -W ignore:easy_install command is deprecated setup.py develop --uninstall --editable --build-directory /home/louq0001/robotics/ros2-topological-mapping-navigation/ros2_ws/build/topological_nav/build
[1.113s] Invoking command in '/home/louq0001/robotics/ros2-topological-mapping-navigation/ros2_ws/src/topological_nav': DEBUGINFOD_URLS=https://debuginfod.ubuntu.com PYTHONPATH=/home/louq0001/robotics/ros2-topological-mapping-navigation/ros2_ws/build/topological_nav/prefix_override:/usr/lib/python3/dist-packages/colcon_core/task/python/colcon_distutils_commands:/home/louq0001/robotics/ros2-topological-mapping-navigation/ros2_ws/install/topological_nav/lib/python3.12/site-packages:${PYTHONPATH} /usr/bin/python3 -W ignore:setup.py install is deprecated -W ignore:easy_install command is deprecated setup.py egg_info --egg-base ../../build/topological_nav build --build-base /home/louq0001/robotics/ros2-topological-mapping-navigation/ros2_ws/build/topological_nav/build install --record /home/louq0001/robotics/ros2-topological-mapping-navigation/ros2_ws/build/topological_nav/install.log --single-version-externally-managed install_data --force
[1.326s] running egg_info
[1.342s] writing ../../build/topological_nav/topological_nav.egg-info/PKG-INFO
[1.343s] writing dependency_links to ../../build/topological_nav/topological_nav.egg-info/dependency_links.txt
[1.343s] writing entry points to ../../build/topological_nav/topological_nav.egg-info/entry_points.txt
[1.343s] writing requirements to ../../build/topological_nav/topological_nav.egg-info/requires.txt
[1.343s] writing top-level names to ../../build/topological_nav/topological_nav.egg-info/top_level.txt
[1.378s] reading manifest file '../../build/topological_nav/topological_nav.egg-info/SOURCES.txt'
[1.379s] writing manifest file '../../build/topological_nav/topological_nav.egg-info/SOURCES.txt'
[1.379s] running build
[1.379s] running build_py
[1.379s] running install
[1.384s] running install_lib
[1.401s] creating /home/louq0001/robotics/ros2-topological-mapping-navigation/ros2_ws/install/topological_nav/lib/python3.12/site-packages/topological_nav
[1.402s] copying /home/louq0001/robotics/ros2-topological-mapping-navigation/ros2_ws/build/topological_nav/build/lib/topological_nav/set_initial_pose.py -> /home/louq0001/robotics/ros2-topological-mapping-navigation/ros2_ws/install/topological_nav/lib/python3.12/site-packages/topological_nav
[1.402s] copying /home/louq0001/robotics/ros2-topological-mapping-navigation/ros2_ws/build/topological_nav/build/lib/topological_nav/qr_display_node.py -> /home/louq0001/robotics/ros2-topological-mapping-navigation/ros2_ws/install/topological_nav/lib/python3.12/site-packages/topological_nav
[1.402s] copying /home/louq0001/robotics/ros2-topological-mapping-navigation/ros2_ws/build/topological_nav/build/lib/topological_nav/tour_manager.py -> /home/louq0001/robotics/ros2-topological-mapping-navigation/ros2_ws/install/topological_nav/lib/python3.12/site-packages/topological_nav
[1.402s] copying /home/louq0001/robotics/ros2-topological-mapping-navigation/ros2_ws/build/topological_nav/build/lib/topological_nav/tts_node.py -> /home/louq0001/robotics/ros2-topological-mapping-navigation/ros2_ws/install/topological_nav/lib/python3.12/site-packages/topological_nav
[1.402s] copying /home/louq0001/robotics/ros2-topological-mapping-navigation/ros2_ws/build/topological_nav/build/lib/topological_nav/speak_listener.py -> /home/louq0001/robotics/ros2-topological-mapping-navigation/ros2_ws/install/topological_nav/lib/python3.12/site-packages/topological_nav
[1.402s] copying /home/louq0001/robotics/ros2-topological-mapping-navigation/ros2_ws/build/topological_nav/build/lib/topological_nav/qr_node.py -> /home/louq0001/robotics/ros2-topological-mapping-navigation/ros2_ws/install/topological_nav/lib/python3.12/site-packages/topological_nav
[1.402s] copying /home/louq0001/robotics/ros2-topological-mapping-navigation/ros2_ws/build/topological_nav/build/lib/topological_nav/__init__.py -> /home/louq0001/robotics/ros2-topological-mapping-navigation/ros2_ws/install/topological_nav/lib/python3.12/site-packages/topological_nav
[1.402s] copying /home/louq0001/robotics/ros2-topological-mapping-navigation/ros2_ws/build/topological_nav/build/lib/topological_nav/person_follow_node.py -> /home/louq0001/robotics/ros2-topological-mapping-navigation/ros2_ws/install/topological_nav/lib/python3.12/site-packages/topological_nav
[1.402s] copying /home/louq0001/robotics/ros2-topological-mapping-navigation/ros2_ws/build/topological_nav/build/lib/topological_nav/gesture_node.py -> /home/louq0001/robotics/ros2-topological-mapping-navigation/ros2_ws/install/topological_nav/lib/python3.12/site-packages/topological_nav
[1.403s] copying /home/louq0001/robotics/ros2-topological-mapping-navigation/ros2_ws/build/topological_nav/build/lib/topological_nav/reactive_controller.py -> /home/louq0001/robotics/ros2-topological-mapping-navigation/ros2_ws/install/topological_nav/lib/python3.12/site-packages/topological_nav
[1.403s] copying /home/louq0001/robotics/ros2-topological-mapping-navigation/ros2_ws/build/topological_nav/build/lib/topological_nav/landmark_saver_node.py -> /home/louq0001/robotics/ros2-topological-mapping-navigation/ros2_ws/install/topological_nav/lib/python3.12/site-packages/topological_nav
[1.403s] byte-compiling /home/louq0001/robotics/ros2-topological-mapping-navigation/ros2_ws/install/topological_nav/lib/python3.12/site-packages/topological_nav/set_initial_pose.py to set_initial_pose.cpython-312.pyc
[1.403s] byte-compiling /home/louq0001/robotics/ros2-topological-mapping-navigation/ros2_ws/install/topological_nav/lib/python3.12/site-packages/topological_nav/qr_display_node.py to qr_display_node.cpython-312.pyc
[1.404s] byte-compiling /home/louq0001/robotics/ros2-topological-mapping-navigation/ros2_ws/install/topological_nav/lib/python3.12/site-packages/topological_nav/tour_manager.py to tour_manager.cpython-312.pyc
[1.405s] byte-compiling /home/louq0001/robotics/ros2-topological-mapping-navigation/ros2_ws/install/topological_nav/lib/python3.12/site-packages/topological_nav/tts_node.py to tts_node.cpython-312.pyc
[1.405s] byte-compiling /home/louq0001/robotics/ros2-topological-mapping-navigation/ros2_ws/install/topological_nav/lib/python3.12/site-packages/topological_nav/speak_listener.py to speak_listener.cpython-312.pyc
[1.406s] byte-compiling /home/louq0001/robotics/ros2-topological-mapping-navigation/ros2_ws/install/topological_nav/lib/python3.12/site-packages/topological_nav/qr_node.py to qr_node.cpython-312.pyc
[1.406s] byte-compiling /home/louq0001/robotics/ros2-topological-mapping-navigation/ros2_ws/install/topological_nav/lib/python3.12/site-packages/topological_nav/__init__.py to __init__.cpython-312.pyc
[1.406s] byte-compiling /home/louq0001/robotics/ros2-topological-mapping-navigation/ros2_ws/install/topological_nav/lib/python3.12/site-packages/topological_nav/person_follow_node.py to person_follow_node.cpython-312.pyc
[1.408s] byte-compiling /home/louq0001/robotics/ros2-topological-mapping-navigation/ros2_ws/install/topological_nav/lib/python3.12/site-packages/topological_nav/gesture_node.py to gesture_node.cpython-312.pyc
[1.409s] byte-compiling /home/louq0001/robotics/ros2-topological-mapping-navigation/ros2_ws/install/topological_nav/lib/python3.12/site-packages/topological_nav/reactive_controller.py to reactive_controller.cpython-312.pyc
[1.410s] byte-compiling /home/louq0001/robotics/ros2-topological-mapping-navigation/ros2_ws/install/topological_nav/lib/python3.12/site-packages/topological_nav/landmark_saver_node.py to landmark_saver_node.cpython-312.pyc
[1.411s] running install_data
[1.411s] copying resource/topological_nav -> /home/louq0001/robotics/ros2-topological-mapping-navigation/ros2_ws/install/topological_nav/share/ament_index/resource_index/packages
[1.411s] copying package.xml -> /home/louq0001/robotics/ros2-topological-mapping-navigation/ros2_ws/install/topological_nav/share/topological_nav
[1.411s] copying launch/topological_nav.launch.xml -> /home/louq0001/robotics/ros2-topological-mapping-navigation/ros2_ws/install/topological_nav/share/topological_nav/launch
[1.411s] copying launch/mapping.launch.xml -> /home/louq0001/robotics/ros2-topological-mapping-navigation/ros2_ws/install/topological_nav/share/topological_nav/launch
[1.411s] copying launch/person_follow.launch.xml -> /home/louq0001/robotics/ros2-topological-mapping-navigation/ros2_ws/install/topological_nav/share/topological_nav/launch
[1.412s] running install_egg_info
[1.430s] Copying ../../build/topological_nav/topological_nav.egg-info to /home/louq0001/robotics/ros2-topological-mapping-navigation/ros2_ws/install/topological_nav/lib/python3.12/site-packages/topological_nav-0.0.0-py3.12.egg-info
[1.431s] running install_scripts
[1.551s] Installing gesture_node script to /home/louq0001/robotics/ros2-topological-mapping-navigation/ros2_ws/install/topological_nav/lib/topological_nav
[1.551s] Installing landmark_saver_node script to /home/louq0001/robotics/ros2-topological-mapping-navigation/ros2_ws/install/topological_nav/lib/topological_nav
[1.551s] Installing person_follow_node script to /home/louq0001/robotics/ros2-topological-mapping-navigation/ros2_ws/install/topological_nav/lib/topological_nav
[1.551s] Installing qr_display_node script to /home/louq0001/robotics/ros2-topological-mapping-navigation/ros2_ws/install/topological_nav/lib/topological_nav
[1.552s] Installing qr_node script to /home/louq0001/robotics/ros2-topological-mapping-navigation/ros2_ws/install/topological_nav/lib/topological_nav
[1.552s] Installing reactive_controller script to /home/louq0001/robotics/ros2-topological-mapping-navigation/ros2_ws/install/topological_nav/lib/topological_nav
[1.552s] Installing set_initial_pose script to /home/louq0001/robotics/ros2-topological-mapping-navigation/ros2_ws/install/topological_nav/lib/topological_nav
[1.552s] Installing speak_listener script to /home/louq0001/robotics/ros2-topological-mapping-navigation/ros2_ws/install/topological_nav/lib/topological_nav
[1.552s] Installing tour_manager script to /home/louq0001/robotics/ros2-topological-mapping-navigation/ros2_ws/install/topological_nav/lib/topological_nav
[1.552s] Installing tts_node script to /home/louq0001/robotics/ros2-topological-mapping-navigation/ros2_ws/install/topological_nav/lib/topological_nav
[1.552s] writing list of installed files to '/home/louq0001/robotics/ros2-topological-mapping-navigation/ros2_ws/build/topological_nav/install.log'
[1.572s] Invoked command in '/home/louq0001/robotics/ros2-topological-mapping-navigation/ros2_ws/src/topological_nav' returned '0': DEBUGINFOD_URLS=https://debuginfod.ubuntu.com PYTHONPATH=/home/louq0001/robotics/ros2-topological-mapping-navigation/ros2_ws/build/topological_nav/prefix_override:/usr/lib/python3/dist-packages/colcon_core/task/python/colcon_distutils_commands:/home/louq0001/robotics/ros2-topological-mapping-navigation/ros2_ws/install/topological_nav/lib/python3.12/site-packages:${PYTHONPATH} /usr/bin/python3 -W ignore:setup.py install is deprecated -W ignore:easy_install command is deprecated setup.py egg_info --egg-base ../../build/topological_nav build --build-base /home/louq0001/robotics/ros2-topological-mapping-navigation/ros2_ws/build/topological_nav/build install --record /home/louq0001/robotics/ros2-topological-mapping-navigation/ros2_ws/build/topological_nav/install.log --single-version-externally-managed install_data --force
