[0.075s] DEBUG:colcon:Command line arguments: ['/usr/bin/colcon', 'build', '--base-paths', 'src', '--packages-select', 'topological_nav']
[0.075s] DEBUG:colcon:Parsed command line arguments: Namespace(log_base=None, log_level=None, verb_name='build', build_base='build', install_base='install', merge_install=False, symlink_install=False, test_result_base=None, continue_on_error=False, executor='parallel', parallel_workers=16, event_handlers=None, ignore_user_meta=False, metas=['./colcon.meta'], base_paths=['src'], packages_ignore=None, packages_ignore_regex=None, paths=None, packages_up_to=None, packages_up_to_regex=None, packages_above=None, packages_above_and_dependencies=None, packages_above_depth=None, packages_select_by_dep=None, packages_skip_by_dep=None, packages_skip_up_to=None, packages_select_build_failed=False, packages_skip_build_finished=False, packages_select_test_failures=False, packages_skip_test_passed=False, packages_select=['topological_nav'], packages_skip=None, packages_select_regex=None, packages_skip_regex=None, packages_start=None, packages_end=None, allow_overriding=[], cmake_args=None, cmake_target=None, cmake_target_skip_unavailable=False, cmake_clean_cache=False, cmake_clean_first=False, cmake_force_configure=False, ament_cmake_args=None, catkin_cmake_args=None, catkin_skip_building_tests=False, mixin_files=None, mixin=None, verb_parser=<colcon_mixin.mixin.mixin_argument.MixinArgumentDecorator object at 0x70991608b680>, verb_extension=<colcon_core.verb.build.BuildVerb object at 0x7099161cfc20>, main=<bound method BuildVerb.main of <colcon_core.verb.build.BuildVerb object at 0x7099161cfc20>>, mixin_verb=('build',))
[0.100s] Level 1:colcon.colcon_core.package_discovery:discover_packages(colcon_meta) check parameters
[0.100s] Level 1:colcon.colcon_core.package_discovery:discover_packages(recursive) check parameters
[0.100s] Level 1:colcon.colcon_core.package_discovery:discover_packages(ignore) check parameters
[0.100s] Level 1:colcon.colcon_core.package_discovery:discover_packages(path) check parameters
[0.100s] Level 1:colcon.colcon_core.package_discovery:discover_packages(recursive) discover
[0.100s] INFO:colcon.colcon_core.package_discovery:Crawling recursively for packages in '/home/louq0001/robotics/ros2-topological-mapping-navigation/ros2_ws/src'
[0.100s] Level 1:colcon.colcon_core.package_identification:_identify(src) by extensions ['ignore', 'ignore_ament_install']
[0.101s] Level 1:colcon.colcon_core.package_identification:_identify(src) by extension 'ignore'
[0.101s] Level 1:colcon.colcon_core.package_identification:_identify(src) by extension 'ignore_ament_install'
[0.101s] Level 1:colcon.colcon_core.package_identification:_identify(src) by extensions ['colcon_pkg']
[0.101s] Level 1:colcon.colcon_core.package_identification:_identify(src) by extension 'colcon_pkg'
[0.101s] Level 1:colcon.colcon_core.package_identification:_identify(src) by extensions ['colcon_meta']
[0.101s] Level 1:colcon.colcon_core.package_identification:_identify(src) by extension 'colcon_meta'
[0.101s] Level 1:colcon.colcon_core.package_identification:_identify(src) by extensions ['ros']
[0.101s] Level 1:colcon.colcon_core.package_identification:_identify(src) by extension 'ros'
[0.118s] Level 1:colcon.colcon_core.package_identification:_identify(src) by extensions ['cmake', 'python']
[0.118s] Level 1:colcon.colcon_core.package_identification:_identify(src) by extension 'cmake'
[0.118s] Level 1:colcon.colcon_core.package_identification:_identify(src) by extension 'python'
[0.118s] Level 1:colcon.colcon_core.package_identification:_identify(src) by extensions ['python_setup_py']
[0.118s] Level 1:colcon.colcon_core.package_identification:_identify(src) by extension 'python_setup_py'
[0.118s] Level 1:colcon.colcon_core.package_identification:_identify(src/topological_nav) by extensions ['ignore', 'ignore_ament_install']
[0.118s] Level 1:colcon.colcon_core.package_identification:_identify(src/topological_nav) by extension 'ignore'
[0.118s] Level 1:colcon.colcon_core.package_identification:_identify(src/topological_nav) by extension 'ignore_ament_install'
[0.118s] Level 1:colcon.colcon_core.package_identification:_identify(src/topological_nav) by extensions ['colcon_pkg']
[0.118s] Level 1:colcon.colcon_core.package_identification:_identify(src/topological_nav) by extension 'colcon_pkg'
[0.118s] Level 1:colcon.colcon_core.package_identification:_identify(src/topological_nav) by extensions ['colcon_meta']
[0.118s] Level 1:colcon.colcon_core.package_identification:_identify(src/topological_nav) by extension 'colcon_meta'
[0.118s] Level 1:colcon.colcon_core.package_identification:_identify(src/topological_nav) by extensions ['ros']
[0.118s] Level 1:colcon.colcon_core.package_identification:_identify(src/topological_nav) by extension 'ros'
[0.120s] DEBUG:colcon.colcon_core.package_identification:Package 'src/topological_nav' with type 'ros.ament_python' and name 'topological_nav'
[0.120s] Level 1:colcon.colcon_core.package_discovery:discover_packages(recursive) using defaults
[0.132s] Level 1:colcon.colcon_core.package_discovery:discover_packages(prefix_path) check parameters
[0.132s] Level 1:colcon.colcon_core.package_discovery:discover_packages(prefix_path) discover
[0.133s] DEBUG:colcon.colcon_installed_package_information.package_discovery:Found 1 installed packages in /home/louq0001/robotics/ros2-topological-mapping-navigation/ros2_ws/install
[0.134s] DEBUG:colcon.colcon_installed_package_information.package_discovery:Found 496 installed packages in /opt/ros/jazzy
[0.135s] Level 1:colcon.colcon_core.package_discovery:discover_packages(prefix_path) using defaults
[0.176s] Level 5:colcon.colcon_core.verb:set package 'topological_nav' build argument 'cmake_args' from command line to 'None'
[0.176s] Level 5:colcon.colcon_core.verb:set package 'topological_nav' build argument 'cmake_target' from command line to 'None'
[0.176s] Level 5:colcon.colcon_core.verb:set package 'topological_nav' build argument 'cmake_target_skip_unavailable' from command line to 'False'
[0.176s] Level 5:colcon.colcon_core.verb:set package 'topological_nav' build argument 'cmake_clean_cache' from command line to 'False'
[0.176s] Level 5:colcon.colcon_core.verb:set package 'topological_nav' build argument 'cmake_clean_first' from command line to 'False'
[0.176s] Level 5:colcon.colcon_core.verb:set package 'topological_nav' build argument 'cmake_force_configure' from command line to 'False'
[0.176s] Level 5:colcon.colcon_core.verb:set package 'topological_nav' build argument 'ament_cmake_args' from command line to 'None'
[0.176s] Level 5:colcon.colcon_core.verb:set package 'topological_nav' build argument 'catkin_cmake_args' from command line to 'None'
[0.176s] Level 5:colcon.colcon_core.verb:set package 'topological_nav' build argument 'catkin_skip_building_tests' from command line to 'False'
[0.176s] DEBUG:colcon.colcon_core.verb:Building package 'topological_nav' with the following arguments: {'ament_cmake_args': None, 'build_base': '/home/louq0001/robotics/ros2-topological-mapping-navigation/ros2_ws/build/topological_nav', 'catkin_cmake_args': None, 'catkin_skip_building_tests': False, 'cmake_args': None, 'cmake_clean_cache': False, 'cmake_clean_first': False, 'cmake_force_configure': False, 'cmake_target': None, 'cmake_target_skip_unavailable': False, 'install_base': '/home/louq0001/robotics/ros2-topological-mapping-navigation/ros2_ws/install/topological_nav', 'merge_install': False, 'path': '/home/louq0001/robotics/ros2-topological-mapping-navigation/ros2_ws/src/topological_nav', 'symlink_install': False, 'test_result_base': None}
[0.176s] INFO:colcon.colcon_core.executor:Executing jobs using 'parallel' executor
[0.177s] DEBUG:colcon.colcon_parallel_executor.executor.parallel:run_until_complete
[0.177s] INFO:colcon.colcon_ros.task.ament_python.build:Building ROS package in '/home/louq0001/robotics/ros2-topological-mapping-navigation/ros2_ws/src/topological_nav' with build type 'ament_python'
[0.177s] Level 1:colcon.colcon_core.shell:create_environment_hook('topological_nav', 'ament_prefix_path')
[0.179s] INFO:colcon.colcon_core.plugin_system:Skipping extension 'colcon_core.shell.bat': Not used on non-Windows systems
[0.179s] INFO:colcon.colcon_core.shell:Creating environment hook '/home/louq0001/robotics/ros2-topological-mapping-navigation/ros2_ws/install/topological_nav/share/topological_nav/hook/ament_prefix_path.ps1'
[0.179s] INFO:colcon.colcon_core.shell:Creating environment descriptor '/home/louq0001/robotics/ros2-topological-mapping-navigation/ros2_ws/install/topological_nav/share/topological_nav/hook/ament_prefix_path.dsv'
[0.179s] INFO:colcon.colcon_core.shell:Creating environment hook '/home/louq0001/robotics/ros2-topological-mapping-navigation/ros2_ws/install/topological_nav/share/topological_nav/hook/ament_prefix_path.sh'
[0.180s] INFO:colcon.colcon_core.shell:Skip shell extension 'powershell' for command environment: Not usable outside of PowerShell
[0.180s] DEBUG:colcon.colcon_core.shell:Skip shell extension 'dsv' for command environment
[0.353s] INFO:colcon.colcon_core.task.python.build:Building Python package in '/home/louq0001/robotics/ros2-topological-mapping-navigation/ros2_ws/src/topological_nav'
[0.354s] INFO:colcon.colcon_core.shell:Skip shell extension 'powershell' for command environment: Not usable outside of PowerShell
[0.354s] DEBUG:colcon.colcon_core.shell:Skip shell extension 'dsv' for command environment
[0.878s] DEBUG:colcon.colcon_core.event_handler.log_command:Invoking command in '/home/louq0001/robotics/ros2-topological-mapping-navigation/ros2_ws/build/topological_nav': DEBUGINFOD_URLS=https://debuginfod.ubuntu.com PYTHONPATH=/home/louq0001/robotics/ros2-topological-mapping-navigation/ros2_ws/build/topological_nav/prefix_override:/usr/lib/python3/dist-packages/colcon_core/task/python/colcon_distutils_commands:/home/louq0001/robotics/ros2-topological-mapping-navigation/ros2_ws/install/topological_nav/lib/python3.12/site-packages:${PYTHONPATH} /usr/bin/python3 -W ignore:setup.py install is deprecated -W ignore:easy_install command is deprecated setup.py develop --uninstall --editable --build-directory /home/louq0001/robotics/ros2-topological-mapping-navigation/ros2_ws/build/topological_nav/build
[1.337s] DEBUG:colcon.colcon_core.event_handler.log_command:Invoked command in '/home/louq0001/robotics/ros2-topological-mapping-navigation/ros2_ws/build/topological_nav' returned '0': DEBUGINFOD_URLS=https://debuginfod.ubuntu.com PYTHONPATH=/home/louq0001/robotics/ros2-topological-mapping-navigation/ros2_ws/build/topological_nav/prefix_override:/usr/lib/python3/dist-packages/colcon_core/task/python/colcon_distutils_commands:/home/louq0001/robotics/ros2-topological-mapping-navigation/ros2_ws/install/topological_nav/lib/python3.12/site-packages:${PYTHONPATH} /usr/bin/python3 -W ignore:setup.py install is deprecated -W ignore:easy_install command is deprecated setup.py develop --uninstall --editable --build-directory /home/louq0001/robotics/ros2-topological-mapping-navigation/ros2_ws/build/topological_nav/build
[1.338s] DEBUG:colcon.colcon_core.event_handler.log_command:Invoking command in '/home/louq0001/robotics/ros2-topological-mapping-navigation/ros2_ws/src/topological_nav': DEBUGINFOD_URLS=https://debuginfod.ubuntu.com PYTHONPATH=/home/louq0001/robotics/ros2-topological-mapping-navigation/ros2_ws/build/topological_nav/prefix_override:/usr/lib/python3/dist-packages/colcon_core/task/python/colcon_distutils_commands:/home/louq0001/robotics/ros2-topological-mapping-navigation/ros2_ws/install/topological_nav/lib/python3.12/site-packages:${PYTHONPATH} /usr/bin/python3 -W ignore:setup.py install is deprecated -W ignore:easy_install command is deprecated setup.py egg_info --egg-base ../../build/topological_nav build --build-base /home/louq0001/robotics/ros2-topological-mapping-navigation/ros2_ws/build/topological_nav/build install --record /home/louq0001/robotics/ros2-topological-mapping-navigation/ros2_ws/build/topological_nav/install.log --single-version-externally-managed install_data --force
[1.798s] DEBUG:colcon.colcon_core.event_handler.log_command:Invoked command in '/home/louq0001/robotics/ros2-topological-mapping-navigation/ros2_ws/src/topological_nav' returned '0': DEBUGINFOD_URLS=https://debuginfod.ubuntu.com PYTHONPATH=/home/louq0001/robotics/ros2-topological-mapping-navigation/ros2_ws/build/topological_nav/prefix_override:/usr/lib/python3/dist-packages/colcon_core/task/python/colcon_distutils_commands:/home/louq0001/robotics/ros2-topological-mapping-navigation/ros2_ws/install/topological_nav/lib/python3.12/site-packages:${PYTHONPATH} /usr/bin/python3 -W ignore:setup.py install is deprecated -W ignore:easy_install command is deprecated setup.py egg_info --egg-base ../../build/topological_nav build --build-base /home/louq0001/robotics/ros2-topological-mapping-navigation/ros2_ws/build/topological_nav/build install --record /home/louq0001/robotics/ros2-topological-mapping-navigation/ros2_ws/build/topological_nav/install.log --single-version-externally-managed install_data --force
[1.799s] Level 1:colcon.colcon_core.environment:checking '/home/louq0001/robotics/ros2-topological-mapping-navigation/ros2_ws/install/topological_nav' for CMake module files
[1.799s] Level 1:colcon.colcon_core.environment:checking '/home/louq0001/robotics/ros2-topological-mapping-navigation/ros2_ws/install/topological_nav' for CMake config files
[1.800s] Level 1:colcon.colcon_core.environment:checking '/home/louq0001/robotics/ros2-topological-mapping-navigation/ros2_ws/install/topological_nav/lib'
[1.800s] Level 1:colcon.colcon_core.environment:checking '/home/louq0001/robotics/ros2-topological-mapping-navigation/ros2_ws/install/topological_nav/bin'
[1.800s] Level 1:colcon.colcon_core.environment:checking '/home/louq0001/robotics/ros2-topological-mapping-navigation/ros2_ws/install/topological_nav/lib/pkgconfig/topological_nav.pc'
[1.800s] Level 1:colcon.colcon_core.environment:checking '/home/louq0001/robotics/ros2-topological-mapping-navigation/ros2_ws/install/topological_nav/lib/python3.12/site-packages'
[1.800s] Level 1:colcon.colcon_core.shell:create_environment_hook('topological_nav', 'pythonpath')
[1.800s] INFO:colcon.colcon_core.shell:Creating environment hook '/home/louq0001/robotics/ros2-topological-mapping-navigation/ros2_ws/install/topological_nav/share/topological_nav/hook/pythonpath.ps1'
[1.801s] INFO:colcon.colcon_core.shell:Creating environment descriptor '/home/louq0001/robotics/ros2-topological-mapping-navigation/ros2_ws/install/topological_nav/share/topological_nav/hook/pythonpath.dsv'
[1.801s] INFO:colcon.colcon_core.shell:Creating environment hook '/home/louq0001/robotics/ros2-topological-mapping-navigation/ros2_ws/install/topological_nav/share/topological_nav/hook/pythonpath.sh'
[1.801s] Level 1:colcon.colcon_core.environment:checking '/home/louq0001/robotics/ros2-topological-mapping-navigation/ros2_ws/install/topological_nav/bin'
[1.801s] Level 1:colcon.colcon_core.environment:create_environment_scripts_only(topological_nav)
[1.802s] INFO:colcon.colcon_core.shell:Creating package script '/home/louq0001/robotics/ros2-topological-mapping-navigation/ros2_ws/install/topological_nav/share/topological_nav/package.ps1'
[1.802s] INFO:colcon.colcon_core.shell:Creating package descriptor '/home/louq0001/robotics/ros2-topological-mapping-navigation/ros2_ws/install/topological_nav/share/topological_nav/package.dsv'
[1.802s] INFO:colcon.colcon_core.shell:Creating package script '/home/louq0001/robotics/ros2-topological-mapping-navigation/ros2_ws/install/topological_nav/share/topological_nav/package.sh'
[1.803s] INFO:colcon.colcon_core.shell:Creating package script '/home/louq0001/robotics/ros2-topological-mapping-navigation/ros2_ws/install/topological_nav/share/topological_nav/package.bash'
[1.803s] INFO:colcon.colcon_core.shell:Creating package script '/home/louq0001/robotics/ros2-topological-mapping-navigation/ros2_ws/install/topological_nav/share/topological_nav/package.zsh'
[1.803s] Level 1:colcon.colcon_core.environment:create_file_with_runtime_dependencies(/home/louq0001/robotics/ros2-topological-mapping-navigation/ros2_ws/install/topological_nav/share/colcon-core/packages/topological_nav)
[1.804s] DEBUG:colcon.colcon_parallel_executor.executor.parallel:closing loop
[1.804s] DEBUG:colcon.colcon_parallel_executor.executor.parallel:loop closed
[1.804s] DEBUG:colcon.colcon_parallel_executor.executor.parallel:run_until_complete finished with '0'
[1.804s] DEBUG:colcon.colcon_core.event_reactor:joining thread
[1.807s] INFO:colcon.colcon_core.plugin_system:Skipping extension 'colcon_notification.desktop_notification.terminal_notifier': Not used on non-Darwin systems
[1.807s] INFO:colcon.colcon_core.plugin_system:Skipping extension 'colcon_notification.desktop_notification.win32': Not used on non-Windows systems
[1.807s] INFO:colcon.colcon_notification.desktop_notification:Sending desktop notification using 'notify2'
[1.816s] DEBUG:colcon.colcon_core.event_reactor:joined thread
[1.817s] INFO:colcon.colcon_core.shell:Creating prefix script '/home/louq0001/robotics/ros2-topological-mapping-navigation/ros2_ws/install/local_setup.ps1'
[1.817s] INFO:colcon.colcon_core.shell:Creating prefix util module '/home/louq0001/robotics/ros2-topological-mapping-navigation/ros2_ws/install/_local_setup_util_ps1.py'
[1.818s] INFO:colcon.colcon_core.shell:Creating prefix chain script '/home/louq0001/robotics/ros2-topological-mapping-navigation/ros2_ws/install/setup.ps1'
[1.819s] INFO:colcon.colcon_core.shell:Creating prefix script '/home/louq0001/robotics/ros2-topological-mapping-navigation/ros2_ws/install/local_setup.sh'
[1.819s] INFO:colcon.colcon_core.shell:Creating prefix util module '/home/louq0001/robotics/ros2-topological-mapping-navigation/ros2_ws/install/_local_setup_util_sh.py'
[1.820s] INFO:colcon.colcon_core.shell:Creating prefix chain script '/home/louq0001/robotics/ros2-topological-mapping-navigation/ros2_ws/install/setup.sh'
[1.820s] INFO:colcon.colcon_core.shell:Creating prefix script '/home/louq0001/robotics/ros2-topological-mapping-navigation/ros2_ws/install/local_setup.bash'
[1.820s] INFO:colcon.colcon_core.shell:Creating prefix chain script '/home/louq0001/robotics/ros2-topological-mapping-navigation/ros2_ws/install/setup.bash'
[1.821s] INFO:colcon.colcon_core.shell:Creating prefix script '/home/louq0001/robotics/ros2-topological-mapping-navigation/ros2_ws/install/local_setup.zsh'
[1.821s] INFO:colcon.colcon_core.shell:Creating prefix chain script '/home/louq0001/robotics/ros2-topological-mapping-navigation/ros2_ws/install/setup.zsh'
