[0.685s] Invoking command in '/home/louq0001/robotics/ros2-topological-mapping-navigation/ros2_ws/build/topological_nav': DEBUGINFOD_URLS=https://debuginfod.ubuntu.com PYTHONPATH=/home/louq0001/robotics/ros2-topological-mapping-navigation/ros2_ws/build/topological_nav/prefix_override:/usr/lib/python3/dist-packages/colcon_core/task/python/colcon_distutils_commands:/home/louq0001/robotics/ros2-topological-mapping-navigation/ros2_ws/install/topological_nav/lib/python3.12/site-packages:${PYTHONPATH} /usr/bin/python3 -W ignore:setup.py install is deprecated -W ignore:easy_install command is deprecated setup.py develop --editable --build-directory /home/louq0001/robotics/ros2-topological-mapping-navigation/ros2_ws/build/topological_nav/build --no-deps symlink_data --force
[0.962s] running develop
[1.131s] running egg_info
[1.147s] writing topological_nav.egg-info/PKG-INFO
[1.148s] writing dependency_links to topological_nav.egg-info/dependency_links.txt
[1.148s] writing entry points to topological_nav.egg-info/entry_points.txt
[1.148s] writing requirements to topological_nav.egg-info/requires.txt
[1.148s] writing top-level names to topological_nav.egg-info/top_level.txt
[1.184s] reading manifest file 'topological_nav.egg-info/SOURCES.txt'
[1.185s] writing manifest file 'topological_nav.egg-info/SOURCES.txt'
[1.209s] running build_ext
[1.209s] Creating /home/louq0001/robotics/ros2-topological-mapping-navigation/ros2_ws/install/topological_nav/lib/python3.12/site-packages/topological-nav.egg-link (link to .)
[1.210s] Installing gesture_node script to /home/louq0001/robotics/ros2-topological-mapping-navigation/ros2_ws/install/topological_nav/lib/topological_nav
[1.210s] Installing landmark_saver_node script to /home/louq0001/robotics/ros2-topological-mapping-navigation/ros2_ws/install/topological_nav/lib/topological_nav
[1.210s] Installing person_follow_node script to /home/louq0001/robotics/ros2-topological-mapping-navigation/ros2_ws/install/topological_nav/lib/topological_nav
[1.210s] Installing qr_display_node script to /home/louq0001/robotics/ros2-topological-mapping-navigation/ros2_ws/install/topological_nav/lib/topological_nav
[1.210s] Installing qr_node script to /home/louq0001/robotics/ros2-topological-mapping-navigation/ros2_ws/install/topological_nav/lib/topological_nav
[1.210s] Installing reactive_controller script to /home/louq0001/robotics/ros2-topological-mapping-navigation/ros2_ws/install/topological_nav/lib/topological_nav
[1.211s] Installing speak_listener script to /home/louq0001/robotics/ros2-topological-mapping-navigation/ros2_ws/install/topological_nav/lib/topological_nav
[1.211s] Installing tour_manager script to /home/louq0001/robotics/ros2-topological-mapping-navigation/ros2_ws/install/topological_nav/lib/topological_nav
[1.211s] Installing tts_node script to /home/louq0001/robotics/ros2-topological-mapping-navigation/ros2_ws/install/topological_nav/lib/topological_nav
[1.211s] 
[1.211s] Installed /home/louq0001/robotics/ros2-topological-mapping-navigation/ros2_ws/build/topological_nav
[1.211s] running symlink_data
[1.211s] symbolically linking /home/louq0001/robotics/ros2-topological-mapping-navigation/ros2_ws/build/topological_nav/resource/topological_nav -> /home/louq0001/robotics/ros2-topological-mapping-navigation/ros2_ws/install/topological_nav/share/ament_index/resource_index/packages
[1.211s] symbolically linking /home/louq0001/robotics/ros2-topological-mapping-navigation/ros2_ws/build/topological_nav/package.xml -> /home/louq0001/robotics/ros2-topological-mapping-navigation/ros2_ws/install/topological_nav/share/topological_nav
[1.211s] symbolically linking /home/louq0001/robotics/ros2-topological-mapping-navigation/ros2_ws/build/topological_nav/launch/topological_nav.launch.xml -> /home/louq0001/robotics/ros2-topological-mapping-navigation/ros2_ws/install/topological_nav/share/topological_nav/launch
[1.211s] symbolically linking /home/louq0001/robotics/ros2-topological-mapping-navigation/ros2_ws/build/topological_nav/launch/mapping.launch.xml -> /home/louq0001/robotics/ros2-topological-mapping-navigation/ros2_ws/install/topological_nav/share/topological_nav/launch
[1.211s] symbolically linking /home/louq0001/robotics/ros2-topological-mapping-navigation/ros2_ws/build/topological_nav/launch/person_follow.launch.xml -> /home/louq0001/robotics/ros2-topological-mapping-navigation/ros2_ws/install/topological_nav/share/topological_nav/launch
[1.233s] Invoked command in '/home/louq0001/robotics/ros2-topological-mapping-navigation/ros2_ws/build/topological_nav' returned '0': DEBUGINFOD_URLS=https://debuginfod.ubuntu.com PYTHONPATH=/home/louq0001/robotics/ros2-topological-mapping-navigation/ros2_ws/build/topological_nav/prefix_override:/usr/lib/python3/dist-packages/colcon_core/task/python/colcon_distutils_commands:/home/louq0001/robotics/ros2-topological-mapping-navigation/ros2_ws/install/topological_nav/lib/python3.12/site-packages:${PYTHONPATH} /usr/bin/python3 -W ignore:setup.py install is deprecated -W ignore:easy_install command is deprecated setup.py develop --editable --build-directory /home/louq0001/robotics/ros2-topological-mapping-navigation/ros2_ws/build/topological_nav/build --no-deps symlink_data --force
