[0.731s] Invoking command in '/home/louq0001/robotics/ros2-topological-mapping-navigation/ros2_ws/src/topological_nav': DEBUGINFOD_URLS=https://debuginfod.ubuntu.com PYTHONPATH=/home/louq0001/robotics/ros2-topological-mapping-navigation/ros2_ws/build/topological_nav/prefix_override:/usr/lib/python3/dist-packages/colcon_core/task/python/colcon_distutils_commands:/home/louq0001/robotics/ros2-topological-mapping-navigation/ros2_ws/install/topological_nav/lib/python3.12/site-packages:${PYTHONPATH} /usr/bin/python3 -W ignore:setup.py install is deprecated -W ignore:easy_install command is deprecated setup.py egg_info --egg-base ../../build/topological_nav build --build-base /home/louq0001/robotics/ros2-topological-mapping-navigation/ros2_ws/build/topological_nav/build install --record /home/louq0001/robotics/ros2-topological-mapping-navigation/ros2_ws/build/topological_nav/install.log --single-version-externally-managed install_data
[0.932s] running egg_info
[0.932s] creating ../../build/topological_nav/topological_nav.egg-info
[0.947s] writing ../../build/topological_nav/topological_nav.egg-info/PKG-INFO
[0.948s] writing dependency_links to ../../build/topological_nav/topological_nav.egg-info/dependency_links.txt
[0.948s] writing entry points to ../../build/topological_nav/topological_nav.egg-info/entry_points.txt
[0.948s] writing requirements to ../../build/topological_nav/topological_nav.egg-info/requires.txt
[0.948s] writing top-level names to ../../build/topological_nav/topological_nav.egg-info/top_level.txt
[0.948s] writing manifest file '../../build/topological_nav/topological_nav.egg-info/SOURCES.txt'
[0.981s] reading manifest file '../../build/topological_nav/topological_nav.egg-info/SOURCES.txt'
[0.982s] writing manifest file '../../build/topological_nav/topological_nav.egg-info/SOURCES.txt'
[0.982s] running build
[0.982s] running build_py
[0.982s] creating /home/louq0001/robotics/ros2-topological-mapping-navigation/ros2_ws/build/topological_nav/build
[0.982s] creating /home/louq0001/robotics/ros2-topological-mapping-navigation/ros2_ws/build/topological_nav/build/lib
[0.982s] creating /home/louq0001/robotics/ros2-topological-mapping-navigation/ros2_ws/build/topological_nav/build/lib/topological_nav
[0.982s] copying topological_nav/tour_manager.py -> /home/louq0001/robotics/ros2-topological-mapping-navigation/ros2_ws/build/topological_nav/build/lib/topological_nav
[0.982s] copying topological_nav/tts_node.py -> /home/louq0001/robotics/ros2-topological-mapping-navigation/ros2_ws/build/topological_nav/build/lib/topological_nav
[0.982s] copying topological_nav/qr_node.py -> /home/louq0001/robotics/ros2-topological-mapping-navigation/ros2_ws/build/topological_nav/build/lib/topological_nav
[0.982s] copying topological_nav/__init__.py -> /home/louq0001/robotics/ros2-topological-mapping-navigation/ros2_ws/build/topological_nav/build/lib/topological_nav
[0.982s] copying topological_nav/gesture_node.py -> /home/louq0001/robotics/ros2-topological-mapping-navigation/ros2_ws/build/topological_nav/build/lib/topological_nav
[0.982s] copying topological_nav/reactive_controller.py -> /home/louq0001/robotics/ros2-topological-mapping-navigation/ros2_ws/build/topological_nav/build/lib/topological_nav
[0.982s] running install
[0.987s] running install_lib
[1.003s] creating /home/louq0001/robotics/ros2-topological-mapping-navigation/ros2_ws/install/topological_nav/lib/python3.12/site-packages/topological_nav
[1.003s] copying /home/louq0001/robotics/ros2-topological-mapping-navigation/ros2_ws/build/topological_nav/build/lib/topological_nav/tour_manager.py -> /home/louq0001/robotics/ros2-topological-mapping-navigation/ros2_ws/install/topological_nav/lib/python3.12/site-packages/topological_nav
[1.003s] copying /home/louq0001/robotics/ros2-topological-mapping-navigation/ros2_ws/build/topological_nav/build/lib/topological_nav/tts_node.py -> /home/louq0001/robotics/ros2-topological-mapping-navigation/ros2_ws/install/topological_nav/lib/python3.12/site-packages/topological_nav
[1.003s] copying /home/louq0001/robotics/ros2-topological-mapping-navigation/ros2_ws/build/topological_nav/build/lib/topological_nav/qr_node.py -> /home/louq0001/robotics/ros2-topological-mapping-navigation/ros2_ws/install/topological_nav/lib/python3.12/site-packages/topological_nav
[1.003s] copying /home/louq0001/robotics/ros2-topological-mapping-navigation/ros2_ws/build/topological_nav/build/lib/topological_nav/__init__.py -> /home/louq0001/robotics/ros2-topological-mapping-navigation/ros2_ws/install/topological_nav/lib/python3.12/site-packages/topological_nav
[1.003s] copying /home/louq0001/robotics/ros2-topological-mapping-navigation/ros2_ws/build/topological_nav/build/lib/topological_nav/gesture_node.py -> /home/louq0001/robotics/ros2-topological-mapping-navigation/ros2_ws/install/topological_nav/lib/python3.12/site-packages/topological_nav
[1.003s] copying /home/louq0001/robotics/ros2-topological-mapping-navigation/ros2_ws/build/topological_nav/build/lib/topological_nav/reactive_controller.py -> /home/louq0001/robotics/ros2-topological-mapping-navigation/ros2_ws/install/topological_nav/lib/python3.12/site-packages/topological_nav
[1.004s] byte-compiling /home/louq0001/robotics/ros2-topological-mapping-navigation/ros2_ws/install/topological_nav/lib/python3.12/site-packages/topological_nav/tour_manager.py to tour_manager.cpython-312.pyc
[1.005s] byte-compiling /home/louq0001/robotics/ros2-topological-mapping-navigation/ros2_ws/install/topological_nav/lib/python3.12/site-packages/topological_nav/tts_node.py to tts_node.cpython-312.pyc
[1.005s] byte-compiling /home/louq0001/robotics/ros2-topological-mapping-navigation/ros2_ws/install/topological_nav/lib/python3.12/site-packages/topological_nav/qr_node.py to qr_node.cpython-312.pyc
[1.005s] byte-compiling /home/louq0001/robotics/ros2-topological-mapping-navigation/ros2_ws/install/topological_nav/lib/python3.12/site-packages/topological_nav/__init__.py to __init__.cpython-312.pyc
[1.005s] byte-compiling /home/louq0001/robotics/ros2-topological-mapping-navigation/ros2_ws/install/topological_nav/lib/python3.12/site-packages/topological_nav/gesture_node.py to gesture_node.cpython-312.pyc
[1.006s] byte-compiling /home/louq0001/robotics/ros2-topological-mapping-navigation/ros2_ws/install/topological_nav/lib/python3.12/site-packages/topological_nav/reactive_controller.py to reactive_controller.cpython-312.pyc
[1.008s] running install_data
[1.008s] creating /home/louq0001/robotics/ros2-topological-mapping-navigation/ros2_ws/install/topological_nav/share/ament_index
[1.008s] creating /home/louq0001/robotics/ros2-topological-mapping-navigation/ros2_ws/install/topological_nav/share/ament_index/resource_index
[1.008s] creating /home/louq0001/robotics/ros2-topological-mapping-navigation/ros2_ws/install/topological_nav/share/ament_index/resource_index/packages
[1.008s] copying resource/topological_nav -> /home/louq0001/robotics/ros2-topological-mapping-navigation/ros2_ws/install/topological_nav/share/ament_index/resource_index/packages
[1.008s] copying package.xml -> /home/louq0001/robotics/ros2-topological-mapping-navigation/ros2_ws/install/topological_nav/share/topological_nav
[1.008s] creating /home/louq0001/robotics/ros2-topological-mapping-navigation/ros2_ws/install/topological_nav/share/topological_nav/launch
[1.008s] copying launch/topological_nav.launch.xml -> /home/louq0001/robotics/ros2-topological-mapping-navigation/ros2_ws/install/topological_nav/share/topological_nav/launch
[1.008s] running install_egg_info
[1.026s] Copying ../../build/topological_nav/topological_nav.egg-info to /home/louq0001/robotics/ros2-topological-mapping-navigation/ros2_ws/install/topological_nav/lib/python3.12/site-packages/topological_nav-0.0.0-py3.12.egg-info
[1.026s] running install_scripts
[1.140s] Installing gesture_node script to /home/louq0001/robotics/ros2-topological-mapping-navigation/ros2_ws/install/topological_nav/lib/topological_nav
[1.140s] Installing qr_node script to /home/louq0001/robotics/ros2-topological-mapping-navigation/ros2_ws/install/topological_nav/lib/topological_nav
[1.140s] Installing reactive_controller script to /home/louq0001/robotics/ros2-topological-mapping-navigation/ros2_ws/install/topological_nav/lib/topological_nav
[1.140s] Installing tour_manager script to /home/louq0001/robotics/ros2-topological-mapping-navigation/ros2_ws/install/topological_nav/lib/topological_nav
[1.140s] Installing tts_node script to /home/louq0001/robotics/ros2-topological-mapping-navigation/ros2_ws/install/topological_nav/lib/topological_nav
[1.141s] writing list of installed files to '/home/louq0001/robotics/ros2-topological-mapping-navigation/ros2_ws/build/topological_nav/install.log'
[1.157s] Invoked command in '/home/louq0001/robotics/ros2-topological-mapping-navigation/ros2_ws/src/topological_nav' returned '0': DEBUGINFOD_URLS=https://debuginfod.ubuntu.com PYTHONPATH=/home/louq0001/robotics/ros2-topological-mapping-navigation/ros2_ws/build/topological_nav/prefix_override:/usr/lib/python3/dist-packages/colcon_core/task/python/colcon_distutils_commands:/home/louq0001/robotics/ros2-topological-mapping-navigation/ros2_ws/install/topological_nav/lib/python3.12/site-packages:${PYTHONPATH} /usr/bin/python3 -W ignore:setup.py install is deprecated -W ignore:easy_install command is deprecated setup.py egg_info --egg-base ../../build/topological_nav build --build-base /home/louq0001/robotics/ros2-topological-mapping-navigation/ros2_ws/build/topological_nav/build install --record /home/louq0001/robotics/ros2-topological-mapping-navigation/ros2_ws/build/topological_nav/install.log --single-version-externally-managed install_data
