[0.639s] Invoking command in '/home/louq0001/robotics/ros2-topological-mapping-navigation/ros2_ws/src/topological_nav': DEBUGINFOD_URLS=https://debuginfod.ubuntu.com PYTHONPATH=/home/louq0001/robotics/ros2-topological-mapping-navigation/ros2_ws/build/topological_nav/prefix_override:/usr/lib/python3/dist-packages/colcon_core/task/python/colcon_distutils_commands:/home/louq0001/robotics/ros2-topological-mapping-navigation/ros2_ws/install/topological_nav/lib/python3.12/site-packages:${PYTHONPATH} /usr/bin/python3 -W ignore:setup.py install is deprecated -W ignore:easy_install command is deprecated setup.py egg_info --egg-base ../../build/topological_nav build --build-base /home/louq0001/robotics/ros2-topological-mapping-navigation/ros2_ws/build/topological_nav/build install --record /home/louq0001/robotics/ros2-topological-mapping-navigation/ros2_ws/build/topological_nav/install.log --single-version-externally-managed install_data
[0.843s] running egg_info
[0.859s] writing ../../build/topological_nav/topological_nav.egg-info/PKG-INFO
[0.859s] writing dependency_links to ../../build/topological_nav/topological_nav.egg-info/dependency_links.txt
[0.859s] writing entry points to ../../build/topological_nav/topological_nav.egg-info/entry_points.txt
[0.859s] writing requirements to ../../build/topological_nav/topological_nav.egg-info/requires.txt
[0.859s] writing top-level names to ../../build/topological_nav/topological_nav.egg-info/top_level.txt
[0.893s] reading manifest file '../../build/topological_nav/topological_nav.egg-info/SOURCES.txt'
[0.894s] writing manifest file '../../build/topological_nav/topological_nav.egg-info/SOURCES.txt'
[0.894s] running build
[0.894s] running build_py
[0.894s] copying topological_nav/qr_node.py -> /home/louq0001/robotics/ros2-topological-mapping-navigation/ros2_ws/build/topological_nav/build/lib/topological_nav
[0.894s] copying topological_nav/person_follow_node.py -> /home/louq0001/robotics/ros2-topological-mapping-navigation/ros2_ws/build/topological_nav/build/lib/topological_nav
[0.894s] copying topological_nav/gesture_node.py -> /home/louq0001/robotics/ros2-topological-mapping-navigation/ros2_ws/build/topological_nav/build/lib/topological_nav
[0.894s] running install
[0.899s] running install_lib
[0.916s] copying /home/louq0001/robotics/ros2-topological-mapping-navigation/ros2_ws/build/topological_nav/build/lib/topological_nav/qr_node.py -> /home/louq0001/robotics/ros2-topological-mapping-navigation/ros2_ws/install/topological_nav/lib/python3.12/site-packages/topological_nav
[0.916s] copying /home/louq0001/robotics/ros2-topological-mapping-navigation/ros2_ws/build/topological_nav/build/lib/topological_nav/person_follow_node.py -> /home/louq0001/robotics/ros2-topological-mapping-navigation/ros2_ws/install/topological_nav/lib/python3.12/site-packages/topological_nav
[0.916s] copying /home/louq0001/robotics/ros2-topological-mapping-navigation/ros2_ws/build/topological_nav/build/lib/topological_nav/gesture_node.py -> /home/louq0001/robotics/ros2-topological-mapping-navigation/ros2_ws/install/topological_nav/lib/python3.12/site-packages/topological_nav
[0.916s] byte-compiling /home/louq0001/robotics/ros2-topological-mapping-navigation/ros2_ws/install/topological_nav/lib/python3.12/site-packages/topological_nav/qr_node.py to qr_node.cpython-312.pyc
[0.917s] byte-compiling /home/louq0001/robotics/ros2-topological-mapping-navigation/ros2_ws/install/topological_nav/lib/python3.12/site-packages/topological_nav/person_follow_node.py to person_follow_node.cpython-312.pyc
[0.918s] byte-compiling /home/louq0001/robotics/ros2-topological-mapping-navigation/ros2_ws/install/topological_nav/lib/python3.12/site-packages/topological_nav/gesture_node.py to gesture_node.cpython-312.pyc
[0.918s] running install_data
[0.918s] copying launch/person_follow.launch.xml -> /home/louq0001/robotics/ros2-topological-mapping-navigation/ros2_ws/install/topological_nav/share/topological_nav/launch
[0.919s] running install_egg_info
[0.936s] removing '/home/louq0001/robotics/ros2-topological-mapping-navigation/ros2_ws/install/topological_nav/lib/python3.12/site-packages/topological_nav-0.0.0-py3.12.egg-info' (and everything under it)
[0.936s] Copying ../../build/topological_nav/topological_nav.egg-info to /home/louq0001/robotics/ros2-topological-mapping-navigation/ros2_ws/install/topological_nav/lib/python3.12/site-packages/topological_nav-0.0.0-py3.12.egg-info
[0.937s] running install_scripts
[1.052s] Installing gesture_node script to /home/louq0001/robotics/ros2-topological-mapping-navigation/ros2_ws/install/topological_nav/lib/topological_nav
[1.052s] Installing person_follow_node script to /home/louq0001/robotics/ros2-topological-mapping-navigation/ros2_ws/install/topological_nav/lib/topological_nav
[1.052s] Installing qr_node script to /home/louq0001/robotics/ros2-topological-mapping-navigation/ros2_ws/install/topological_nav/lib/topological_nav
[1.053s] Installing reactive_controller script to /home/louq0001/robotics/ros2-topological-mapping-navigation/ros2_ws/install/topological_nav/lib/topological_nav
[1.053s] Installing speak_listener script to /home/louq0001/robotics/ros2-topological-mapping-navigation/ros2_ws/install/topological_nav/lib/topological_nav
[1.053s] Installing tour_manager script to /home/louq0001/robotics/ros2-topological-mapping-navigation/ros2_ws/install/topological_nav/lib/topological_nav
[1.053s] Installing tts_node script to /home/louq0001/robotics/ros2-topological-mapping-navigation/ros2_ws/install/topological_nav/lib/topological_nav
[1.053s] writing list of installed files to '/home/louq0001/robotics/ros2-topological-mapping-navigation/ros2_ws/build/topological_nav/install.log'
[1.070s] Invoked command in '/home/louq0001/robotics/ros2-topological-mapping-navigation/ros2_ws/src/topological_nav' returned '0': DEBUGINFOD_URLS=https://debuginfod.ubuntu.com PYTHONPATH=/home/louq0001/robotics/ros2-topological-mapping-navigation/ros2_ws/build/topological_nav/prefix_override:/usr/lib/python3/dist-packages/colcon_core/task/python/colcon_distutils_commands:/home/louq0001/robotics/ros2-topological-mapping-navigation/ros2_ws/install/topological_nav/lib/python3.12/site-packages:${PYTHONPATH} /usr/bin/python3 -W ignore:setup.py install is deprecated -W ignore:easy_install command is deprecated setup.py egg_info --egg-base ../../build/topological_nav build --build-base /home/louq0001/robotics/ros2-topological-mapping-navigation/ros2_ws/build/topological_nav/build install --record /home/louq0001/robotics/ros2-topological-mapping-navigation/ros2_ws/build/topological_nav/install.log --single-version-externally-managed install_data
